<?xml version="1.0" encoding="UTF-8"?>
<!-- Generated by org.testng.reporters.JUnitXMLReporter -->
<testsuite ignored="2" hostname="DESKTOP-8G3NH4K" failures="0" tests="5" name="Test" time="179.219" errors="0" timestamp="2024-01-24T01:18:42 EST">
  <testcase classname="org.xyz.automation.fb.HandleKeyboardMouse2" name="handleAlerts" time="36.866"/>
  <testcase classname="org.xyz.automation.fb.HandleKeyboardMouse2" name="handleFrames" time="36.61"/>
  <testcase classname="org.xyz.automation.fb.HandleKeyboardMouse" name="lunchBrowser" time="69.05"/>
  <testcase classname="org.xyz.automation.fb.FirstAutomation" name="LoginFunc" time="15.242"/>
  <testcase classname="org.xyz.automation.fb.FirstAutomation" name="signupFunc" time="5.406"/>
  <testcase classname="org.xyz.automation.fb.HandleKeyboardMouse2" name="handleKeyboard" time="0.0">
    <ignored/>
  </testcase> <!-- handleKeyboard -->
  <testcase classname="org.xyz.automation.fb.HandleKeyboardMouse2" name="handleMouse" time="0.0">
    <ignored/>
  </testcase> <!-- handleMouse -->
</testsuite> <!-- Test -->
