<?xml version="1.0" encoding="UTF-8"?>
<testng-results ignored="0" total="1" passed="1" failed="0" skipped="0">
  <reporter-output>
  </reporter-output>
  <suite started-at="2024-01-29T23:55:46 EST" name="Default suite" finished-at="2024-01-29T23:57:00 EST" duration-ms="74096">
    <groups>
    </groups>
    <test started-at="2024-01-29T23:55:46 EST" name="Default test" finished-at="2024-01-29T23:57:00 EST" duration-ms="74096">
      <class name="org.wipro.automation.uo.testcases.MenuScenario">
        <test-method is-config="true" signature="launchBrowser()[pri:0, instance:org.wipro.automation.uo.testcases.MenuScenario@7b36aa0c]" started-at="2024-01-29T23:55:46 EST" name="launchBrowser" finished-at="2024-01-29T23:56:31 EST" duration-ms="45527" status="PASS">
          <reporter-output>
          </reporter-output>
        </test-method> <!-- launchBrowser -->
        <test-method signature="validateloginfunct()[pri:0, instance:org.wipro.automation.uo.testcases.MenuScenario@7b36aa0c]" started-at="2024-01-29T23:56:31 EST" name="validateloginfunct" finished-at="2024-01-29T23:57:00 EST" duration-ms="28481" status="PASS">
          <reporter-output>
          </reporter-output>
        </test-method> <!-- validateloginfunct -->
        <test-method is-config="true" signature="closeBrowser()[pri:0, instance:org.wipro.automation.uo.testcases.MenuScenario@7b36aa0c]" started-at="2024-01-29T23:57:00 EST" name="closeBrowser" finished-at="2024-01-29T23:57:00 EST" duration-ms="2" status="PASS">
          <reporter-output>
          </reporter-output>
        </test-method> <!-- closeBrowser -->
      </class> <!-- org.wipro.automation.uo.testcases.MenuScenario -->
    </test> <!-- Default test -->
  </suite> <!-- Default suite -->
</testng-results>
